{"C:\\Users\\Nadir\\Desktop\\devops-mini-proj-tdd-greetings\\greeting.js": {"path":"C:\\Users\\Nadir\\Desktop\\devops-mini-proj-tdd-greetings\\greeting.js","statementMap":{"0":{"start":{"line":2,"column":2},"end":{"line":2,"column":25}},"1":{"start":{"line":5,"column":0},"end":{"line":5,"column":23}}},"fnMap":{"0":{"name":"greet","decl":{"start":{"line":1,"column":9},"end":{"line":1,"column":14}},"loc":{"start":{"line":1,"column":22},"end":{"line":3,"column":1}},"line":1}},"branchMap":{},"s":{"0":1,"1":1},"f":{"0":1},"b":{},"_coverageSchema":"1a1c01bbd47fc00a2c39e90264f33305004495a9","hash":"0dbffb91891c8ae61f0adc18dc6092dca764f8eb"}
}
