{"C:\\Users\\licaj\\Desktop\\devops-mini-proj-tdd-greetings\\greeting.js": {"path":"C:\\Users\\licaj\\Desktop\\devops-mini-proj-tdd-greetings\\greeting.js","statementMap":{"0":{"start":{"line":2,"column":2},"end":{"line":2,"column":26}},"1":{"start":{"line":6,"column":0},"end":{"line":6,"column":24}}},"fnMap":{"0":{"name":"greet","decl":{"start":{"line":1,"column":9},"end":{"line":1,"column":14}},"loc":{"start":{"line":1,"column":22},"end":{"line":3,"column":1}},"line":1}},"branchMap":{},"s":{"0":1,"1":1},"f":{"0":1},"b":{},"_coverageSchema":"1a1c01bbd47fc00a2c39e90264f33305004495a9","hash":"d8b7416f4f2f1a28a4a025d417ba00dc1930a085"}
}
